2022-12-24T00:29:56.638+05:00  INFO 225126 --- [SpringApplicationShutdownHook] j.LocalContainerEntityManagerFactoryBean : Closing JPA EntityManagerFactory for persistence unit 'default'
2022-12-24T00:29:56.644+05:00  INFO 225126 --- [SpringApplicationShutdownHook] com.zaxxer.hikari.HikariDataSource       : HikariPool-1 - Shutdown initiated...
2022-12-24T00:29:56.650+05:00  INFO 225126 --- [SpringApplicationShutdownHook] com.zaxxer.hikari.HikariDataSource       : HikariPool-1 - Shutdown completed.
2022-12-24T07:56:06.856+05:00  INFO 4986 --- [main] com.example.YouTubeApplication           : Starting YouTubeApplication using Java 19.0.1 with PID 4986 (/home/maruf/Downloads/you_tube/target/classes started by maruf in /home/maruf/Downloads/you_tube)
2022-12-24T07:56:06.867+05:00 DEBUG 4986 --- [main] com.example.YouTubeApplication           : Running with Spring Boot v3.0.0, Spring v6.0.2
2022-12-24T07:56:06.867+05:00  INFO 4986 --- [main] com.example.YouTubeApplication           : The following 1 profile is active: "dev"
2022-12-24T07:56:07.458+05:00  INFO 4986 --- [main] .s.d.r.c.RepositoryConfigurationDelegate : Bootstrapping Spring Data JPA repositories in DEFAULT mode.
2022-12-24T07:56:07.505+05:00  INFO 4986 --- [main] .s.d.r.c.RepositoryConfigurationDelegate : Finished Spring Data repository scanning in 42 ms. Found 5 JPA repository interfaces.
2022-12-24T07:56:07.910+05:00  INFO 4986 --- [main] o.s.b.w.embedded.tomcat.TomcatWebServer  : Tomcat initialized with port(s): 8080 (http)
2022-12-24T07:56:07.917+05:00  INFO 4986 --- [main] o.apache.catalina.core.StandardService   : Starting service [Tomcat]
2022-12-24T07:56:07.917+05:00  INFO 4986 --- [main] o.apache.catalina.core.StandardEngine    : Starting Servlet engine: [Apache Tomcat/10.1.1]
2022-12-24T07:56:07.969+05:00  INFO 4986 --- [main] o.a.c.c.C.[Tomcat].[localhost].[/]       : Initializing Spring embedded WebApplicationContext
2022-12-24T07:56:07.969+05:00  INFO 4986 --- [main] w.s.c.ServletWebServerApplicationContext : Root WebApplicationContext: initialization completed in 1071 ms
2022-12-24T07:56:08.052+05:00  INFO 4986 --- [main] o.hibernate.jpa.internal.util.LogHelper  : HHH000204: Processing PersistenceUnitInfo [name: default]
2022-12-24T07:56:08.077+05:00  INFO 4986 --- [main] org.hibernate.Version                    : HHH000412: Hibernate ORM core version 6.1.5.Final
2022-12-24T07:56:08.179+05:00  WARN 4986 --- [main] org.hibernate.orm.deprecation            : HHH90000021: Encountered deprecated setting [javax.persistence.sharedCache.mode], use [jakarta.persistence.sharedCache.mode] instead
2022-12-24T07:56:08.237+05:00  INFO 4986 --- [main] com.zaxxer.hikari.HikariDataSource       : HikariPool-1 - Starting...
2022-12-24T07:56:08.436+05:00  INFO 4986 --- [main] com.zaxxer.hikari.pool.HikariPool        : HikariPool-1 - Added connection org.postgresql.jdbc.PgConnection@5d84e363
2022-12-24T07:56:08.437+05:00  INFO 4986 --- [main] com.zaxxer.hikari.HikariDataSource       : HikariPool-1 - Start completed.
2022-12-24T07:56:08.472+05:00  INFO 4986 --- [main] SQL dialect                              : HHH000400: Using dialect: org.hibernate.dialect.PostgreSQLDialect
2022-12-24T07:56:09.069+05:00  INFO 4986 --- [main] o.h.e.t.j.p.i.JtaPlatformInitiator       : HHH000490: Using JtaPlatform implementation: [org.hibernate.engine.transaction.jta.platform.internal.NoJtaPlatform]
2022-12-24T07:56:09.074+05:00  INFO 4986 --- [main] j.LocalContainerEntityManagerFactoryBean : Initialized JPA EntityManagerFactory for persistence unit 'default'
2022-12-24T07:56:09.419+05:00 DEBUG 4986 --- [main] com.example.config.JwtTokenFilter        : Filter 'jwtTokenFilter' configured for use
2022-12-24T07:56:09.690+05:00  WARN 4986 --- [main] JpaBaseConfiguration$JpaWebConfiguration : spring.jpa.open-in-view is enabled by default. Therefore, database queries may be performed during view rendering. Explicitly configure spring.jpa.open-in-view to disable this warning
2022-12-24T07:56:10.122+05:00  INFO 4986 --- [main] o.s.s.web.DefaultSecurityFilterChain     : Will secure any request with [org.springframework.security.web.session.DisableEncodeUrlFilter@3619bc9e, org.springframework.security.web.context.request.async.WebAsyncManagerIntegrationFilter@2e640411, org.springframework.security.web.context.SecurityContextHolderFilter@7b4b559d, org.springframework.security.web.header.HeaderWriterFilter@6ad036d6, org.springframework.security.web.authentication.logout.LogoutFilter@650e6569, com.example.config.JwtTokenFilter@ae5d544, org.springframework.security.web.savedrequest.RequestCacheAwareFilter@2fad50f2, org.springframework.security.web.servletapi.SecurityContextHolderAwareRequestFilter@32192a69, org.springframework.security.web.authentication.AnonymousAuthenticationFilter@5e609b42, org.springframework.security.web.access.ExceptionTranslationFilter@4d82ded2, org.springframework.security.web.access.intercept.AuthorizationFilter@57f9f387]
2022-12-24T07:56:10.337+05:00  INFO 4986 --- [main] o.s.b.w.embedded.tomcat.TomcatWebServer  : Tomcat started on port(s): 8080 (http) with context path ''
2022-12-24T07:56:10.352+05:00  INFO 4986 --- [main] com.example.YouTubeApplication           : Started YouTubeApplication in 3.879 seconds (process running for 4.462)
2022-12-24T07:56:10.386+05:00  INFO 4986 --- [main] o.f.c.internal.license.VersionPrinter    : Flyway Community Edition 9.5.1 by Redgate
2022-12-24T07:56:10.386+05:00  INFO 4986 --- [main] o.f.c.internal.license.VersionPrinter    : See what's new here: https://flywaydb.org/documentation/learnmore/releaseNotes#9.5.1
2022-12-24T07:56:10.386+05:00  INFO 4986 --- [main] o.f.c.internal.license.VersionPrinter    : 
2022-12-24T07:56:10.396+05:00  INFO 4986 --- [main] o.f.c.i.database.base.BaseDatabaseType   : Database: jdbc:postgresql://localhost:5432/youtube1 (PostgreSQL 15.1)
2022-12-24T07:56:10.425+05:00  INFO 4986 --- [main] o.f.core.internal.command.DbValidate     : Successfully validated 4 migrations (execution time 00:00.015s)
2022-12-24T07:56:10.435+05:00  INFO 4986 --- [main] o.f.core.internal.command.DbMigrate      : Current version of schema "public": 3
2022-12-24T07:56:10.435+05:00  INFO 4986 --- [main] o.f.core.internal.command.DbMigrate      : Schema "public" is up to date. No migration necessary.
2022-12-24T08:01:07.856+05:00  INFO 4986 --- [SpringApplicationShutdownHook] j.LocalContainerEntityManagerFactoryBean : Closing JPA EntityManagerFactory for persistence unit 'default'
2022-12-24T08:01:07.860+05:00  INFO 4986 --- [SpringApplicationShutdownHook] com.zaxxer.hikari.HikariDataSource       : HikariPool-1 - Shutdown initiated...
2022-12-24T08:01:07.884+05:00  INFO 4986 --- [SpringApplicationShutdownHook] com.zaxxer.hikari.HikariDataSource       : HikariPool-1 - Shutdown completed.
2022-12-24T23:27:24.727+05:00  INFO 4534 --- [main] com.example.YouTubeApplication           : Starting YouTubeApplication using Java 19.0.1 with PID 4534 (/home/maruf/Downloads/you_tube/target/classes started by maruf in /home/maruf/Downloads/you_tube)
2022-12-24T23:27:24.737+05:00 DEBUG 4534 --- [main] com.example.YouTubeApplication           : Running with Spring Boot v3.0.0, Spring v6.0.2
2022-12-24T23:27:24.738+05:00  INFO 4534 --- [main] com.example.YouTubeApplication           : The following 1 profile is active: "dev"
2022-12-24T23:27:25.534+05:00  INFO 4534 --- [main] .s.d.r.c.RepositoryConfigurationDelegate : Bootstrapping Spring Data JPA repositories in DEFAULT mode.
2022-12-24T23:27:25.583+05:00  INFO 4534 --- [main] .s.d.r.c.RepositoryConfigurationDelegate : Finished Spring Data repository scanning in 43 ms. Found 5 JPA repository interfaces.
2022-12-24T23:27:26.007+05:00  INFO 4534 --- [main] o.s.b.w.embedded.tomcat.TomcatWebServer  : Tomcat initialized with port(s): 8080 (http)
2022-12-24T23:27:26.014+05:00  INFO 4534 --- [main] o.apache.catalina.core.StandardService   : Starting service [Tomcat]
2022-12-24T23:27:26.014+05:00  INFO 4534 --- [main] o.apache.catalina.core.StandardEngine    : Starting Servlet engine: [Apache Tomcat/10.1.1]
2022-12-24T23:27:26.062+05:00  INFO 4534 --- [main] o.a.c.c.C.[Tomcat].[localhost].[/]       : Initializing Spring embedded WebApplicationContext
2022-12-24T23:27:26.063+05:00  INFO 4534 --- [main] w.s.c.ServletWebServerApplicationContext : Root WebApplicationContext: initialization completed in 1284 ms
2022-12-24T23:27:26.145+05:00  INFO 4534 --- [main] o.hibernate.jpa.internal.util.LogHelper  : HHH000204: Processing PersistenceUnitInfo [name: default]
2022-12-24T23:27:26.174+05:00  INFO 4534 --- [main] org.hibernate.Version                    : HHH000412: Hibernate ORM core version 6.1.5.Final
2022-12-24T23:27:26.302+05:00  WARN 4534 --- [main] org.hibernate.orm.deprecation            : HHH90000021: Encountered deprecated setting [javax.persistence.sharedCache.mode], use [jakarta.persistence.sharedCache.mode] instead
2022-12-24T23:27:26.364+05:00  INFO 4534 --- [main] com.zaxxer.hikari.HikariDataSource       : HikariPool-1 - Starting...
2022-12-24T23:27:26.547+05:00  INFO 4534 --- [main] com.zaxxer.hikari.pool.HikariPool        : HikariPool-1 - Added connection org.postgresql.jdbc.PgConnection@563172d3
2022-12-24T23:27:26.548+05:00  INFO 4534 --- [main] com.zaxxer.hikari.HikariDataSource       : HikariPool-1 - Start completed.
2022-12-24T23:27:26.581+05:00  INFO 4534 --- [main] SQL dialect                              : HHH000400: Using dialect: org.hibernate.dialect.PostgreSQLDialect
2022-12-24T23:27:27.203+05:00  INFO 4534 --- [main] o.h.e.t.j.p.i.JtaPlatformInitiator       : HHH000490: Using JtaPlatform implementation: [org.hibernate.engine.transaction.jta.platform.internal.NoJtaPlatform]
2022-12-24T23:27:27.213+05:00  INFO 4534 --- [main] j.LocalContainerEntityManagerFactoryBean : Initialized JPA EntityManagerFactory for persistence unit 'default'
2022-12-24T23:27:27.584+05:00 DEBUG 4534 --- [main] com.example.config.JwtTokenFilter        : Filter 'jwtTokenFilter' configured for use
2022-12-24T23:27:27.853+05:00  WARN 4534 --- [main] JpaBaseConfiguration$JpaWebConfiguration : spring.jpa.open-in-view is enabled by default. Therefore, database queries may be performed during view rendering. Explicitly configure spring.jpa.open-in-view to disable this warning
2022-12-24T23:27:28.313+05:00  INFO 4534 --- [main] o.s.s.web.DefaultSecurityFilterChain     : Will secure any request with [org.springframework.security.web.session.DisableEncodeUrlFilter@2125086c, org.springframework.security.web.context.request.async.WebAsyncManagerIntegrationFilter@65c634f2, org.springframework.security.web.context.SecurityContextHolderFilter@4d82ded2, org.springframework.security.web.header.HeaderWriterFilter@38320819, org.springframework.security.web.authentication.logout.LogoutFilter@29ceefb3, com.example.config.JwtTokenFilter@363e2009, org.springframework.security.web.savedrequest.RequestCacheAwareFilter@6ad036d6, org.springframework.security.web.servletapi.SecurityContextHolderAwareRequestFilter@6b72c62, org.springframework.security.web.authentication.AnonymousAuthenticationFilter@57f9f387, org.springframework.security.web.access.ExceptionTranslationFilter@7b6c3b37, org.springframework.security.web.access.intercept.AuthorizationFilter@311eb725]
2022-12-24T23:27:28.571+05:00  INFO 4534 --- [main] o.s.b.w.embedded.tomcat.TomcatWebServer  : Tomcat started on port(s): 8080 (http) with context path ''
2022-12-24T23:27:28.579+05:00  INFO 4534 --- [main] com.example.YouTubeApplication           : Started YouTubeApplication in 4.38 seconds (process running for 5.039)
2022-12-24T23:27:28.607+05:00  INFO 4534 --- [main] o.f.c.internal.license.VersionPrinter    : Flyway Community Edition 9.5.1 by Redgate
2022-12-24T23:27:28.608+05:00  INFO 4534 --- [main] o.f.c.internal.license.VersionPrinter    : See what's new here: https://flywaydb.org/documentation/learnmore/releaseNotes#9.5.1
2022-12-24T23:27:28.608+05:00  INFO 4534 --- [main] o.f.c.internal.license.VersionPrinter    : 
2022-12-24T23:27:28.617+05:00  INFO 4534 --- [main] o.f.c.i.database.base.BaseDatabaseType   : Database: jdbc:postgresql://localhost:5432/youtube1 (PostgreSQL 15.1)
2022-12-24T23:27:28.643+05:00  INFO 4534 --- [main] o.f.core.internal.command.DbValidate     : Successfully validated 4 migrations (execution time 00:00.014s)
2022-12-24T23:27:28.653+05:00  INFO 4534 --- [main] o.f.core.internal.command.DbMigrate      : Current version of schema "public": 3
2022-12-24T23:27:28.654+05:00  INFO 4534 --- [main] o.f.core.internal.command.DbMigrate      : Schema "public" is up to date. No migration necessary.
2022-12-24T23:27:39.410+05:00  INFO 4534 --- [http-nio-8080-exec-1] o.a.c.c.C.[Tomcat].[localhost].[/]       : Initializing Spring DispatcherServlet 'dispatcherServlet'
2022-12-24T23:27:39.411+05:00  INFO 4534 --- [http-nio-8080-exec-1] o.s.web.servlet.DispatcherServlet        : Initializing Servlet 'dispatcherServlet'
2022-12-24T23:27:39.413+05:00  INFO 4534 --- [http-nio-8080-exec-1] o.s.web.servlet.DispatcherServlet        : Completed initialization in 2 ms
2022-12-24T23:27:39.556+05:00  INFO 4534 --- [http-nio-8080-exec-1] com.example.controller.AuthController    : Authorization: -> AuthDTO(phone=4545, password=4545)
