2022-12-25T00:31:57.383+05:00  INFO 4534 --- [SpringApplicationShutdownHook] j.LocalContainerEntityManagerFactoryBean : Closing JPA EntityManagerFactory for persistence unit 'default'
2022-12-25T00:31:57.415+05:00  INFO 4534 --- [SpringApplicationShutdownHook] com.zaxxer.hikari.HikariDataSource       : HikariPool-1 - Shutdown initiated...
2022-12-25T00:31:57.433+05:00  INFO 4534 --- [SpringApplicationShutdownHook] com.zaxxer.hikari.HikariDataSource       : HikariPool-1 - Shutdown completed.
2022-12-25T07:39:39.044+05:00  INFO 4443 --- [main] com.example.YouTubeApplication           : Starting YouTubeApplication using Java 19.0.1 with PID 4443 (/home/maruf/Downloads/you_tube/target/classes started by maruf in /home/maruf/Downloads/you_tube)
2022-12-25T07:39:39.053+05:00 DEBUG 4443 --- [main] com.example.YouTubeApplication           : Running with Spring Boot v3.0.0, Spring v6.0.2
2022-12-25T07:39:39.054+05:00  INFO 4443 --- [main] com.example.YouTubeApplication           : The following 1 profile is active: "dev"
2022-12-25T07:39:39.622+05:00  INFO 4443 --- [main] .s.d.r.c.RepositoryConfigurationDelegate : Bootstrapping Spring Data JPA repositories in DEFAULT mode.
2022-12-25T07:39:39.670+05:00  INFO 4443 --- [main] .s.d.r.c.RepositoryConfigurationDelegate : Finished Spring Data repository scanning in 44 ms. Found 5 JPA repository interfaces.
2022-12-25T07:39:40.077+05:00  INFO 4443 --- [main] o.s.b.w.embedded.tomcat.TomcatWebServer  : Tomcat initialized with port(s): 8080 (http)
2022-12-25T07:39:40.083+05:00  INFO 4443 --- [main] o.apache.catalina.core.StandardService   : Starting service [Tomcat]
2022-12-25T07:39:40.083+05:00  INFO 4443 --- [main] o.apache.catalina.core.StandardEngine    : Starting Servlet engine: [Apache Tomcat/10.1.1]
2022-12-25T07:39:40.133+05:00  INFO 4443 --- [main] o.a.c.c.C.[Tomcat].[localhost].[/]       : Initializing Spring embedded WebApplicationContext
2022-12-25T07:39:40.133+05:00  INFO 4443 --- [main] w.s.c.ServletWebServerApplicationContext : Root WebApplicationContext: initialization completed in 1042 ms
2022-12-25T07:39:40.206+05:00  INFO 4443 --- [main] o.hibernate.jpa.internal.util.LogHelper  : HHH000204: Processing PersistenceUnitInfo [name: default]
2022-12-25T07:39:40.232+05:00  INFO 4443 --- [main] org.hibernate.Version                    : HHH000412: Hibernate ORM core version 6.1.5.Final
2022-12-25T07:39:40.337+05:00  WARN 4443 --- [main] org.hibernate.orm.deprecation            : HHH90000021: Encountered deprecated setting [javax.persistence.sharedCache.mode], use [jakarta.persistence.sharedCache.mode] instead
2022-12-25T07:39:40.390+05:00  INFO 4443 --- [main] com.zaxxer.hikari.HikariDataSource       : HikariPool-1 - Starting...
2022-12-25T07:39:40.569+05:00  INFO 4443 --- [main] com.zaxxer.hikari.pool.HikariPool        : HikariPool-1 - Added connection org.postgresql.jdbc.PgConnection@2c9cafa5
2022-12-25T07:39:40.570+05:00  INFO 4443 --- [main] com.zaxxer.hikari.HikariDataSource       : HikariPool-1 - Start completed.
2022-12-25T07:39:40.604+05:00  INFO 4443 --- [main] SQL dialect                              : HHH000400: Using dialect: org.hibernate.dialect.PostgreSQLDialect
2022-12-25T07:39:41.177+05:00  INFO 4443 --- [main] o.h.e.t.j.p.i.JtaPlatformInitiator       : HHH000490: Using JtaPlatform implementation: [org.hibernate.engine.transaction.jta.platform.internal.NoJtaPlatform]
2022-12-25T07:39:41.182+05:00  INFO 4443 --- [main] j.LocalContainerEntityManagerFactoryBean : Initialized JPA EntityManagerFactory for persistence unit 'default'
2022-12-25T07:39:41.534+05:00 DEBUG 4443 --- [main] com.example.config.JwtTokenFilter        : Filter 'jwtTokenFilter' configured for use
2022-12-25T07:39:41.790+05:00  WARN 4443 --- [main] JpaBaseConfiguration$JpaWebConfiguration : spring.jpa.open-in-view is enabled by default. Therefore, database queries may be performed during view rendering. Explicitly configure spring.jpa.open-in-view to disable this warning
2022-12-25T07:39:42.217+05:00  INFO 4443 --- [main] o.s.s.web.DefaultSecurityFilterChain     : Will secure any request with [org.springframework.security.web.session.DisableEncodeUrlFilter@5fe19d0e, org.springframework.security.web.context.request.async.WebAsyncManagerIntegrationFilter@24673720, org.springframework.security.web.context.SecurityContextHolderFilter@32192a69, org.springframework.security.web.header.HeaderWriterFilter@7b4b559d, org.springframework.security.web.authentication.logout.LogoutFilter@7a791e8b, com.example.config.JwtTokenFilter@11a0c708, org.springframework.security.web.savedrequest.RequestCacheAwareFilter@36e9fd4f, org.springframework.security.web.servletapi.SecurityContextHolderAwareRequestFilter@730611a0, org.springframework.security.web.authentication.AnonymousAuthenticationFilter@2aadeb31, org.springframework.security.web.access.ExceptionTranslationFilter@6b72c62, org.springframework.security.web.access.intercept.AuthorizationFilter@3619bc9e]
2022-12-25T07:39:42.438+05:00  INFO 4443 --- [main] o.s.b.w.embedded.tomcat.TomcatWebServer  : Tomcat started on port(s): 8080 (http) with context path ''
2022-12-25T07:39:42.448+05:00  INFO 4443 --- [main] com.example.YouTubeApplication           : Started YouTubeApplication in 3.739 seconds (process running for 4.311)
2022-12-25T07:39:42.480+05:00  INFO 4443 --- [main] o.f.c.internal.license.VersionPrinter    : Flyway Community Edition 9.5.1 by Redgate
2022-12-25T07:39:42.480+05:00  INFO 4443 --- [main] o.f.c.internal.license.VersionPrinter    : See what's new here: https://flywaydb.org/documentation/learnmore/releaseNotes#9.5.1
2022-12-25T07:39:42.480+05:00  INFO 4443 --- [main] o.f.c.internal.license.VersionPrinter    : 
2022-12-25T07:39:42.490+05:00  INFO 4443 --- [main] o.f.c.i.database.base.BaseDatabaseType   : Database: jdbc:postgresql://localhost:5432/youtube1 (PostgreSQL 15.1)
2022-12-25T07:39:42.516+05:00  INFO 4443 --- [main] o.f.core.internal.command.DbValidate     : Successfully validated 4 migrations (execution time 00:00.013s)
2022-12-25T07:39:42.529+05:00  INFO 4443 --- [main] o.f.core.internal.command.DbMigrate      : Current version of schema "public": 3
2022-12-25T07:39:42.530+05:00  INFO 4443 --- [main] o.f.core.internal.command.DbMigrate      : Schema "public" is up to date. No migration necessary.
2022-12-25T07:39:52.233+05:00  INFO 4443 --- [http-nio-8080-exec-2] o.a.c.c.C.[Tomcat].[localhost].[/]       : Initializing Spring DispatcherServlet 'dispatcherServlet'
2022-12-25T07:39:52.233+05:00  INFO 4443 --- [http-nio-8080-exec-2] o.s.web.servlet.DispatcherServlet        : Initializing Servlet 'dispatcherServlet'
2022-12-25T07:39:52.234+05:00  INFO 4443 --- [http-nio-8080-exec-2] o.s.web.servlet.DispatcherServlet        : Completed initialization in 1 ms
2022-12-25T07:39:52.362+05:00  INFO 4443 --- [http-nio-8080-exec-2] com.example.controller.AuthController    : Authorization: -> AuthDTO(phone=0000, password=0000)
2022-12-25T07:42:16.889+05:00  INFO 4443 --- [SpringApplicationShutdownHook] j.LocalContainerEntityManagerFactoryBean : Closing JPA EntityManagerFactory for persistence unit 'default'
2022-12-25T07:42:16.891+05:00  INFO 4443 --- [SpringApplicationShutdownHook] com.zaxxer.hikari.HikariDataSource       : HikariPool-1 - Shutdown initiated...
2022-12-25T07:42:16.896+05:00  INFO 4443 --- [SpringApplicationShutdownHook] com.zaxxer.hikari.HikariDataSource       : HikariPool-1 - Shutdown completed.
